\BOOKMARK [1][-]{section.1}{Obiettivo}{}% 1
\BOOKMARK [1][-]{section.2}{Strumentazione e Componenti}{}% 2
\BOOKMARK [1][-]{section.3}{Amplificatore Operazionale Invertente}{}% 3
\BOOKMARK [2][-]{subsection.3.1}{Configurazione Sperimentale}{section.3}% 4
\BOOKMARK [3][-]{subsubsection.3.1.1}{Simulazione Spice del Circuito}{subsection.3.1}% 5
\BOOKMARK [2][-]{subsection.3.2}{Acquisizione Misure}{section.3}% 6
\BOOKMARK [2][-]{subsection.3.3}{Dati e Analisi}{section.3}% 7
\BOOKMARK [3][-]{subsubsection.3.3.1}{Dataset}{subsection.3.3}% 8
\BOOKMARK [3][-]{subsubsection.3.3.2}{Interpolazioni Preliminari}{subsection.3.3}% 9
\BOOKMARK [3][-]{subsubsection.3.3.3}{Linearit\340 e Amplificazione}{subsection.3.3}% 10
\BOOKMARK [3][-]{subsubsection.3.3.4}{Confronto tra Stime di G}{subsection.3.3}% 11
\BOOKMARK [1][-]{section.4}{Filtro Attivo - Circuito Derivatore}{}% 12
\BOOKMARK [2][-]{subsection.4.1}{Configurazione Sperimentale}{section.4}% 13
\BOOKMARK [2][-]{subsection.4.2}{Acquisizione Misure}{section.4}% 14
\BOOKMARK [2][-]{subsection.4.3}{Dati e Analisi}{section.4}% 15
\BOOKMARK [3][-]{subsubsection.4.3.1}{Grafico di Bode}{subsection.4.3}% 16
\BOOKMARK [1][-]{section.5}{Arduino}{}% 17
\BOOKMARK [2][-]{subsection.5.1}{Sampling Rate}{section.5}% 18
\BOOKMARK [2][-]{subsection.5.2}{Calibrazione in Tensione}{section.5}% 19
\BOOKMARK [1][-]{section.6}{Conclusioni}{}% 20
